<?xml version="1.0" encoding="UTF-8"?>
<!-- Generated by org.testng.reporters.JUnitReportReporter -->
<testsuite hostname="DESKTOP-URGBHFB" failures="0" tests="1" name="Practise.SampleTest" time="0.002" errors="0" timestamp="2022-09-16T18:59:03 IST" skipped="0">
  <testcase classname="Practise.SampleTest" name="sampletest" time="0.002"/>
  <system-out/>
</testsuite> <!-- Practise.SampleTest -->
