<?xml version="1.0" encoding="UTF-8"?>
<!-- Generated by org.testng.reporters.JUnitReportReporter -->
<testsuite hostname="DESKTOP-URGBHFB" failures="0" tests="1" name="Practise.Demo" time="0.004" errors="0" timestamp="2022-09-14T20:52:25 IST" skipped="0">
  <testcase classname="Practise.Demo" name="demo" time="0.004"/>
  <system-out/>
</testsuite> <!-- Practise.Demo -->
