<?xml version="1.0" encoding="UTF-8"?>
<!-- Generated by org.testng.reporters.JUnitReportReporter -->
<testsuite hostname="DESKTOP-URGBHFB" failures="0" tests="1" name="Practise.DemoTest" time="0.014" errors="0" timestamp="2022-09-16T18:59:03 IST" skipped="0">
  <testcase classname="Practise.DemoTest" name="demotest" time="0.014"/>
  <system-out/>
</testsuite> <!-- Practise.DemoTest -->
